0 info it worked if it ends with ok
1 verbose cli [ 'node', '/usr/local/bin/npm', 'install', 'jade', '--global' ]
2 info using npm@2.11.3
3 info using node@v0.12.7
4 verbose install initial load of /usr/local/lib/package.json
5 verbose readDependencies loading dependencies from /usr/local/lib/package.json
6 silly cache add args [ 'jade', null ]
7 verbose cache add spec jade
8 silly cache add parsed spec { raw: 'jade',
8 silly cache add   scope: null,
8 silly cache add   name: 'jade',
8 silly cache add   rawSpec: '',
8 silly cache add   spec: '*',
8 silly cache add   type: 'range' }
9 silly addNamed jade@*
10 verbose addNamed "*" is a valid semver range for jade
11 silly addNameRange { name: 'jade', range: '*', hasData: false }
12 silly mapToRegistry name jade
13 silly mapToRegistry using default registry
14 silly mapToRegistry registry https://registry.npmjs.org/
15 silly mapToRegistry uri https://registry.npmjs.org/jade
16 verbose addNameRange registry:https://registry.npmjs.org/jade not in flight; fetching
17 verbose request uri https://registry.npmjs.org/jade
18 verbose request no auth needed
19 info attempt registry request try #1 at 2:58:08 PM
20 verbose request id db4ede73e2a63675
21 verbose etag "DJ2NR29F4GRIJSW8GBZUO8H6O"
22 http request GET https://registry.npmjs.org/jade
23 http 304 https://registry.npmjs.org/jade
24 silly get cb [ 304,
24 silly get   { date: 'Sat, 29 Aug 2015 18:58:08 GMT',
24 silly get     via: '1.1 varnish',
24 silly get     'cache-control': 'max-age=60',
24 silly get     etag: '"DJ2NR29F4GRIJSW8GBZUO8H6O"',
24 silly get     age: '38',
24 silly get     connection: 'keep-alive',
24 silly get     'x-served-by': 'cache-ord1721-ORD',
24 silly get     'x-cache': 'HIT',
24 silly get     'x-cache-hits': '1',
24 silly get     'x-timer': 'S1440874688.625178,VS0,VE6',
24 silly get     vary: 'Accept' } ]
25 verbose etag https://registry.npmjs.org/jade from cache
26 verbose get saving jade to /Users/davidhernon/.npm/registry.npmjs.org/jade/.cache.json
27 silly addNameRange number 2 { name: 'jade', range: '*', hasData: true }
28 silly addNameRange versions [ 'jade',
28 silly addNameRange   [ '0.0.1',
28 silly addNameRange     '0.0.2',
28 silly addNameRange     '0.1.0',
28 silly addNameRange     '0.2.0',
28 silly addNameRange     '0.2.1',
28 silly addNameRange     '0.2.2',
28 silly addNameRange     '0.2.3',
28 silly addNameRange     '0.2.4',
28 silly addNameRange     '0.3.0',
28 silly addNameRange     '0.4.0',
28 silly addNameRange     '0.4.1',
28 silly addNameRange     '0.5.0',
28 silly addNameRange     '0.5.1',
28 silly addNameRange     '0.5.2',
28 silly addNameRange     '0.5.3',
28 silly addNameRange     '0.5.4',
28 silly addNameRange     '0.5.5',
28 silly addNameRange     '0.5.6',
28 silly addNameRange     '0.5.7',
28 silly addNameRange     '0.6.0',
28 silly addNameRange     '0.6.1',
28 silly addNameRange     '0.6.3',
28 silly addNameRange     '0.7.0',
28 silly addNameRange     '0.7.1',
28 silly addNameRange     '0.8.0',
28 silly addNameRange     '0.8.1',
28 silly addNameRange     '0.8.2',
28 silly addNameRange     '0.8.3',
28 silly addNameRange     '0.8.4',
28 silly addNameRange     '0.8.5',
28 silly addNameRange     '0.8.6',
28 silly addNameRange     '0.8.7',
28 silly addNameRange     '0.8.8',
28 silly addNameRange     '0.8.9',
28 silly addNameRange     '0.9.0',
28 silly addNameRange     '0.9.1',
28 silly addNameRange     '0.9.2',
28 silly addNameRange     '0.9.3',
28 silly addNameRange     '0.10.0',
28 silly addNameRange     '0.10.1',
28 silly addNameRange     '0.10.2',
28 silly addNameRange     '0.10.3',
28 silly addNameRange     '0.10.4',
28 silly addNameRange     '0.10.5',
28 silly addNameRange     '0.10.6',
28 silly addNameRange     '0.10.7',
28 silly addNameRange     '0.11.0',
28 silly addNameRange     '0.11.1',
28 silly addNameRange     '0.12.0',
28 silly addNameRange     '0.12.1',
28 silly addNameRange     '0.12.2',
28 silly addNameRange     '0.12.3',
28 silly addNameRange     '0.12.4',
28 silly addNameRange     '0.13.0',
28 silly addNameRange     '0.14.0',
28 silly addNameRange     '0.14.1',
28 silly addNameRange     '0.14.2',
28 silly addNameRange     '0.15.0',
28 silly addNameRange     '0.15.1',
28 silly addNameRange     '0.15.2',
28 silly addNameRange     '0.15.3',
28 silly addNameRange     '0.15.4',
28 silly addNameRange     '0.16.0',
28 silly addNameRange     '0.16.1',
28 silly addNameRange     '0.16.2',
28 silly addNameRange     '0.16.3',
28 silly addNameRange     '0.16.4',
28 silly addNameRange     '0.17.0',
28 silly addNameRange     '0.18.0',
28 silly addNameRange     '0.19.0',
28 silly addNameRange     '0.20.0',
28 silly addNameRange     '0.20.1',
28 silly addNameRange     '0.20.2',
28 silly addNameRange     '0.20.3',
28 silly addNameRange     '0.21.0',
28 silly addNameRange     '0.22.0',
28 silly addNameRange     '0.22.1',
28 silly addNameRange     '0.23.0',
28 silly addNameRange     '0.24.0',
28 silly addNameRange     '0.25.0',
28 silly addNameRange     '0.26.0',
28 silly addNameRange     '0.26.1',
28 silly addNameRange     '0.26.2',
28 silly addNameRange     '0.26.3',
28 silly addNameRange     '0.27.0',
28 silly addNameRange     '0.27.1',
28 silly addNameRange     '0.27.2',
28 silly addNameRange     '0.27.3',
28 silly addNameRange     '0.27.4',
28 silly addNameRange     '0.27.5',
28 silly addNameRange     '0.27.6',
28 silly addNameRange     '0.27.7',
28 silly addNameRange     '0.28.0',
28 silly addNameRange     '0.28.1',
28 silly addNameRange     '0.28.2',
28 silly addNameRange     '0.29.0',
28 silly addNameRange     '0.30.0',
28 silly addNameRange     '0.31.0',
28 silly addNameRange     '0.31.1',
28 silly addNameRange     '0.31.2',
28 silly addNameRange     '0.32.0',
28 silly addNameRange     '0.33.0',
28 silly addNameRange     '0.34.0',
28 silly addNameRange     '0.34.1',
28 silly addNameRange     '0.35.0',
28 silly addNameRange     '1.0.0',
28 silly addNameRange     '1.0.1',
28 silly addNameRange     '1.0.2',
28 silly addNameRange     '1.1.0',
28 silly addNameRange     '1.1.1',
28 silly addNameRange     '1.1.2',
28 silly addNameRange     '1.1.3',
28 silly addNameRange     '1.1.4',
28 silly addNameRange     '1.1.5',
28 silly addNameRange     '1.2.0',
28 silly addNameRange     '1.3.0',
28 silly addNameRange     '1.3.1',
28 silly addNameRange     '1.4.0',
28 silly addNameRange     '1.4.1',
28 silly addNameRange     '1.4.2',
28 silly addNameRange     '1.5.0',
28 silly addNameRange     '1.6.0',
28 silly addNameRange     '1.7.0',
28 silly addNameRange     '1.8.0',
28 silly addNameRange     '1.8.1',
28 silly addNameRange     '1.8.2',
28 silly addNameRange     '1.9.0',
28 silly addNameRange     '1.9.1',
28 silly addNameRange     '1.9.2',
28 silly addNameRange     '1.10.0',
28 silly addNameRange     '1.11.0' ] ]
29 silly addNamed jade@1.11.0
30 verbose addNamed "1.11.0" is a plain semver version for jade
31 silly cache afterAdd jade@1.11.0
32 verbose afterAdd /Users/davidhernon/.npm/jade/1.11.0/package/package.json not in flight; writing
33 verbose afterAdd /Users/davidhernon/.npm/jade/1.11.0/package/package.json written
34 silly install resolved [ { name: 'jade',
34 silly install resolved     description: 'A clean, whitespace-sensitive template language for writing HTML',
34 silly install resolved     version: '1.11.0',
34 silly install resolved     author: { name: 'TJ Holowaychuk', email: 'tj@vision-media.ca' },
34 silly install resolved     maintainers: [ [Object], [Object], [Object], [Object] ],
34 silly install resolved     license: 'MIT',
34 silly install resolved     repository: { type: 'git', url: 'git://github.com/jadejs/jade.git' },
34 silly install resolved     main: 'lib',
34 silly install resolved     bin: { jade: './bin/jade.js' },
34 silly install resolved     dependencies:
34 silly install resolved      { 'character-parser': '1.2.1',
34 silly install resolved        'clean-css': '^3.1.9',
34 silly install resolved        commander: '~2.6.0',
34 silly install resolved        constantinople: '~3.0.1',
34 silly install resolved        jstransformer: '0.0.2',
34 silly install resolved        mkdirp: '~0.5.0',
34 silly install resolved        transformers: '2.1.0',
34 silly install resolved        'uglify-js': '^2.4.19',
34 silly install resolved        'void-elements': '~2.0.1',
34 silly install resolved        with: '~4.0.0' },
34 silly install resolved     devDependencies:
34 silly install resolved      { browserify: '*',
34 silly install resolved        'browserify-middleware': '~4.1.0',
34 silly install resolved        'code-mirror': '~3.22.0',
34 silly install resolved        'coffee-script': '*',
34 silly install resolved        coveralls: '^2.11.2',
34 silly install resolved        express: '~4.10.4',
34 silly install resolved        'github-basic': '^4.1.2',
34 silly install resolved        handle: '~1.0.0',
34 silly install resolved        'highlight-codemirror': '~4.1.0',
34 silly install resolved        inconsolata: '0.0.2',
34 silly install resolved        istanbul: '*',
34 silly install resolved        'jade-code-mirror': '~1.0.5',
34 silly install resolved        'jade-highlighter': '~1.0.5',
34 silly install resolved        'jstransformer-cdata': '0.0.3',
34 silly install resolved        'jstransformer-coffee-script': '0.0.2',
34 silly install resolved        'jstransformer-less': '^1.0.0',
34 silly install resolved        'jstransformer-marked': '0.0.1',
34 silly install resolved        'jstransformer-stylus': '0.0.1',
34 silly install resolved        'jstransformer-verbatim': '0.0.2',
34 silly install resolved        less: '<2.0.0',
34 silly install resolved        'less-file': '0.0.9',
34 silly install resolved        linify: '*',
34 silly install resolved        lsr: '^1.0.0',
34 silly install resolved        marked: '~0.3.3',
34 silly install resolved        mocha: '*',
34 silly install resolved        opener: '^1.3.0',
34 silly install resolved        'pull-request': '^3.0.0',
34 silly install resolved        rimraf: '^2.2.8',
34 silly install resolved        should: '*',
34 silly install resolved        stop: '^3.0.0-rc1',
34 silly install resolved        stylus: '*',
34 silly install resolved        twbs: '0.0.6',
34 silly install resolved        'uglify-js': '*' },
34 silly install resolved     component: { scripts: [Object] },
34 silly install resolved     scripts:
34 silly install resolved      { test: 'mocha -R spec',
34 silly install resolved        precoverage: 'rimraf coverage && rimraf cov-pt*',
34 silly install resolved        coverage: 'istanbul cover --report none --dir cov-pt0 node_modules/mocha/bin/_mocha -- -R dot',
34 silly install resolved        postcoverage: 'istanbul report --include cov-pt\\*/coverage.json && rimraf cov-pt*',
34 silly install resolved        coveralls: 'npm run coverage && cat ./coverage/lcov.info | coveralls',
34 silly install resolved        prepublish: 'npm prune && linify transform bin && npm run build',
34 silly install resolved        build: 'npm run compile',
34 silly install resolved        compile: 'npm run compile-full && npm run compile-runtime',
34 silly install resolved        'compile-full': 'browserify ./lib/index.js --standalone jade -x ./node_modules/transformers > jade.js',
34 silly install resolved        'compile-runtime': 'browserify ./lib/runtime.js --standalone jade > runtime.js' },
34 silly install resolved     browser: { fs: false, './lib/filters.js': './lib/filters-client.js' },
34 silly install resolved     homepage: 'http://jade-lang.com',
34 silly install resolved     gitHead: '31966399f86b15159f2ff47dff99fbf4c92fadd5',
34 silly install resolved     bugs: { url: 'https://github.com/jadejs/jade/issues' },
34 silly install resolved     _id: 'jade@1.11.0',
34 silly install resolved     _shasum: '9c80e538c12d3fb95c8d9bb9559fa0cc040405fd',
34 silly install resolved     _from: 'jade@*',
34 silly install resolved     _npmVersion: '2.11.0',
34 silly install resolved     _nodeVersion: '2.2.1',
34 silly install resolved     _npmUser: { name: 'alubbe', email: 'npm@lubbe.org' },
34 silly install resolved     dist:
34 silly install resolved      { shasum: '9c80e538c12d3fb95c8d9bb9559fa0cc040405fd',
34 silly install resolved        tarball: 'http://registry.npmjs.org/jade/-/jade-1.11.0.tgz' },
34 silly install resolved     directories: {},
34 silly install resolved     _resolved: 'https://registry.npmjs.org/jade/-/jade-1.11.0.tgz',
34 silly install resolved     readme: 'ERROR: No README data found!' } ]
35 info install jade@1.11.0 into /usr/local/lib
36 info installOne jade@1.11.0
37 verbose installOne of jade to /usr/local/lib not in flight; installing
38 verbose lock using /Users/davidhernon/.npm/_locks/jade-a5bf0277675e407f.lock for /usr/local/lib/node_modules/jade
39 silly install write writing jade 1.11.0 to /usr/local/lib/node_modules/jade
40 verbose unbuild lib/node_modules/jade
41 silly gentlyRm /usr/local/lib/node_modules/jade is being purged from base /usr/local
42 verbose gentlyRm don't care about contents; nuking /usr/local/lib/node_modules/jade
43 verbose tar unpack /Users/davidhernon/.npm/jade/1.11.0/package.tgz
44 verbose tar unpacking to /usr/local/lib/node_modules/jade
45 silly gentlyRm /usr/local/lib/node_modules/jade is being purged
46 verbose gentlyRm don't care about contents; nuking /usr/local/lib/node_modules/jade
47 silly gunzTarPerm modes [ '755', '644' ]
48 error tar.unpack untar error /Users/davidhernon/.npm/jade/1.11.0/package.tgz
49 verbose unlock done using /Users/davidhernon/.npm/_locks/jade-a5bf0277675e407f.lock for /usr/local/lib/node_modules/jade
50 verbose fstream_path /usr/local/lib/node_modules/jade
51 verbose fstream_type Directory
52 verbose fstream_class DirWriter
53 verbose stack Error: EACCES, mkdir '/usr/local/lib/node_modules/jade'
53 verbose stack     at Error (native)
54 verbose fstream_stack /usr/local/lib/node_modules/npm/node_modules/fstream/lib/dir-writer.js:35:25
54 verbose fstream_stack /usr/local/lib/node_modules/npm/node_modules/mkdirp/index.js:47:53
54 verbose fstream_stack FSReqWrap.oncomplete (fs.js:95:15)
55 verbose cwd /Users/davidhernon/Coding/squad_app
56 error Darwin 14.5.0
57 error argv "node" "/usr/local/bin/npm" "install" "jade" "--global"
58 error node v0.12.7
59 error npm  v2.11.3
60 error path /usr/local/lib/node_modules/jade
61 error code EACCES
62 error errno -13
63 error Error: EACCES, mkdir '/usr/local/lib/node_modules/jade'
63 error     at Error (native)
63 error  { [Error: EACCES, mkdir '/usr/local/lib/node_modules/jade']
63 error   errno: -13,
63 error   code: 'EACCES',
63 error   path: '/usr/local/lib/node_modules/jade',
63 error   fstream_type: 'Directory',
63 error   fstream_path: '/usr/local/lib/node_modules/jade',
63 error   fstream_class: 'DirWriter',
63 error   fstream_stack:
63 error    [ '/usr/local/lib/node_modules/npm/node_modules/fstream/lib/dir-writer.js:35:25',
63 error      '/usr/local/lib/node_modules/npm/node_modules/mkdirp/index.js:47:53',
63 error      'FSReqWrap.oncomplete (fs.js:95:15)' ] }
64 error Please try running this command again as root/Administrator.
65 verbose exit [ -13, true ]
66 verbose unbuild lib/node_modules/jade
67 silly gentlyRm /usr/local/lib/node_modules/jade is being purged from base /usr/local
68 verbose gentlyRm don't care about contents; nuking /usr/local/lib/node_modules/jade
